<?xml version="1.0" encoding="UTF-8"?>
<!-- Generated by org.testng.reporters.JUnitXMLReporter -->
<testsuite hostname="LAPTOP-N9A6E2GU" failures="1" tests="2" name="Test" time="0.521" errors="0" timestamp="27 Jun 2022 10:33:17 GMT">
  <testcase classname="com.urbanladder.TestCases.BookShelves_TestCases" name="@AfterMethod tearDown" time="0.0">
    <failure type="java.lang.NullPointerException" message="Cannot invoke &amp;quot;com.aventstack.extentreports.ExtentTest.log(com.aventstack.extentreports.Status, String)&amp;quot; because &amp;quot;this.test&amp;quot; is null">
      <![CDATA[java.lang.NullPointerException: Cannot invoke "com.aventstack.extentreports.ExtentTest.log(com.aventstack.extentreports.Status, String)" because "this.test" is null
	at com.urbanladder.BaseClasses.BaseClass.tearDown(BaseClass.java:98)
... Removed 26 stack frames]]>
    </failure>
  </testcase> <!-- @AfterMethod tearDown -->
  <testcase classname="com.urbanladder.TestCases.Login_TestCases" name="@AfterTest endReport" time="0.0">
    <skipped/>
  </testcase> <!-- @AfterTest endReport -->
  <testcase classname="com.urbanladder.TestCases.Login_TestCases" name="Login_Test" time="0.051">
    <skipped/>
  </testcase> <!-- Login_Test -->
  <testcase classname="com.urbanladder.TestCases.BookShelves_TestCases" name="displayBookShelves" time="0.006">
    <failure type="java.lang.NullPointerException" message="Cannot invoke &amp;quot;com.aventstack.extentreports.ExtentReports.createTest(String)&amp;quot; because &amp;quot;this.extent&amp;quot; is null">
      <![CDATA[java.lang.NullPointerException: Cannot invoke "com.aventstack.extentreports.ExtentReports.createTest(String)" because "this.extent" is null
	at com.urbanladder.TestCases.BookShelves_TestCases.displayBookShelves(BookShelves_TestCases.java:16)
... Removed 24 stack frames]]>
    </failure>
  </testcase> <!-- displayBookShelves -->
</testsuite> <!-- Test -->
